<?xml version="1.0" encoding="UTF-8"?>
<robot generator="Robot 3.2.1 (Python 3.7.0 on win32)" generated="20200529 15:43:46.211" rpa="false">
<suite id="s1" name="Example" source="D:\python\robot\example.robot">
<test id="s1-t1" name="Test Robot Framework Logging">
<status status="FAIL" starttime="20200529 15:43:46.260" endtime="20200529 15:43:46.263" critical="yes">Test case contains no keywords.</status>
</test>
<test id="s1-t2" name="Log Test Logging">
<status status="FAIL" starttime="20200529 15:43:46.271" endtime="20200529 15:43:46.273" critical="yes">Test case contains no keywords.</status>
</test>
<test id="s1-t3" name="Log Many First Entry Second Entry">
<status status="FAIL" starttime="20200529 15:43:46.293" endtime="20200529 15:43:46.294" critical="yes">Test case contains no keywords.</status>
</test>
<test id="s1-t4" name="Log To Console Display to console while Robot is running">
<status status="FAIL" starttime="20200529 15:43:46.303" endtime="20200529 15:43:46.305" critical="yes">Test case contains no keywords.</status>
</test>
<test id="s1-t5" name="Test For Loop">
<status status="FAIL" starttime="20200529 15:43:46.320" endtime="20200529 15:43:46.325" critical="yes">Test case contains no keywords.</status>
</test>
<test id="s1-t6" name=": FOR ${INDEX} IN RANGE 1 3">
<status status="FAIL" starttime="20200529 15:43:46.343" endtime="20200529 15:43:46.347" critical="yes">Test case contains no keywords.</status>
</test>
<test id="s1-t7" name=" Log ${INDEX}">
<status status="FAIL" starttime="20200529 15:43:46.362" endtime="20200529 15:43:46.369" critical="yes">Test case contains no keywords.</status>
</test>
<test id="s1-t8" name=" ${RANDOM_STRING} = Generate Random String ${INDEX}">
<status status="FAIL" starttime="20200529 15:43:46.381" endtime="20200529 15:43:46.383" critical="yes">Test case contains no keywords.</status>
</test>
<test id="s1-t9" name=" Log ${RANDOM STRING}">
<status status="FAIL" starttime="20200529 15:43:46.396" endtime="20200529 15:43:46.401" critical="yes">Test case contains no keywords.</status>
</test>
<status status="FAIL" starttime="20200529 15:43:46.214" endtime="20200529 15:43:46.426"></status>
</suite>
<statistics>
<total>
<stat pass="0" fail="9">Critical Tests</stat>
<stat pass="0" fail="9">All Tests</stat>
</total>
<tag>
</tag>
<suite>
<stat pass="0" fail="9" id="s1" name="Example">Example</stat>
</suite>
</statistics>
<errors>
<msg timestamp="20200529 15:43:46.202" level="ERROR">Error in file 'D:\python\robot\example.robot' on line 2: Non-existing setting 'Library String'.</msg>
</errors>
</robot>
